20/05/2013 18:02:43 (Std) 	+-+-+-+-+-+-+-+-+-+-+-+-+-+-+-+-+-+-+-+-+-+-+-+-+-+-+-+-+-+-+-+-+-+-+-+-+-+-+-+
20/05/2013 18:02:43 (Std) 	+                     Crazy Eddie's GUI System - Event log                    +
20/05/2013 18:02:43 (Std) 	+                          (http://www.cegui.org.uk/)                         +
20/05/2013 18:02:43 (Std) 	+-+-+-+-+-+-+-+-+-+-+-+-+-+-+-+-+-+-+-+-+-+-+-+-+-+-+-+-+-+-+-+-+-+-+-+-+-+-+-+

20/05/2013 18:02:43 (Std) 	CEGUI::Logger singleton created. (026211E0)
20/05/2013 18:02:43 (Std) 	---- Begining CEGUI System initialisation ----
20/05/2013 18:02:43 (Std) 	CEGUI::ImagesetManager singleton created (0261DB18)
20/05/2013 18:02:43 (Std) 	CEGUI::FontManager singleton created. (0261DB30)
20/05/2013 18:02:43 (Std) 	CEGUI::WindowFactoryManager singleton created
20/05/2013 18:02:43 (Std) 	CEGUI::WindowManager singleton created (02620328)
20/05/2013 18:02:43 (Std) 	CEGUI::SchemeManager singleton created. (0261DB48)
20/05/2013 18:02:43 (Std) 	CEGUI::MouseCursor singleton created. (026221B0)
20/05/2013 18:02:43 (Std) 	CEGUI::GlobalEventSet singleton created. (0261EAF8)
20/05/2013 18:02:43 (Std) 	CEGUI::WidgetLookManager singleton created. (0261DB60)
20/05/2013 18:02:43 (Std) 	CEGUI::WindowRendererManager singleton created (0261DB78)
20/05/2013 18:02:43 (Std) 	WindowFactory for 'DefaultWindow' windows added. (008493E0)
20/05/2013 18:02:43 (Std) 	WindowFactory for 'DragContainer' windows added. (00849480)
20/05/2013 18:02:43 (Std) 	WindowFactory for 'ScrolledContainer' windows added. (00849520)
20/05/2013 18:02:43 (Std) 	WindowFactory for 'ClippedContainer' windows added. (008495C0)
20/05/2013 18:02:43 (Std) 	WindowFactory for 'CEGUI/Checkbox' windows added. (00849660)
20/05/2013 18:02:43 (Std) 	WindowFactory for 'CEGUI/PushButton' windows added. (00849FC0)
20/05/2013 18:02:43 (Std) 	WindowFactory for 'CEGUI/RadioButton' windows added. (0084A060)
20/05/2013 18:02:43 (Std) 	WindowFactory for 'CEGUI/Combobox' windows added. (008497A0)
20/05/2013 18:02:43 (Std) 	WindowFactory for 'CEGUI/ComboDropList' windows added. (00849700)
20/05/2013 18:02:43 (Std) 	WindowFactory for 'CEGUI/Editbox' windows added. (00849840)
20/05/2013 18:02:43 (Std) 	WindowFactory for 'CEGUI/FrameWindow' windows added. (008498E0)
20/05/2013 18:02:43 (Std) 	WindowFactory for 'CEGUI/ItemEntry' windows added. (00849980)
20/05/2013 18:02:43 (Std) 	WindowFactory for 'CEGUI/Listbox' windows added. (00849B60)
20/05/2013 18:02:43 (Std) 	WindowFactory for 'CEGUI/ListHeader' windows added. (00849A20)
20/05/2013 18:02:43 (Std) 	WindowFactory for 'CEGUI/ListHeaderSegment' windows added. (00849AC0)
20/05/2013 18:02:43 (Std) 	WindowFactory for 'CEGUI/Menubar' windows added. (00849CA0)
20/05/2013 18:02:43 (Std) 	WindowFactory for 'CEGUI/PopupMenu' windows added. (00849E80)
20/05/2013 18:02:43 (Std) 	WindowFactory for 'CEGUI/MenuItem' windows added. (00849C00)
20/05/2013 18:02:43 (Std) 	WindowFactory for 'CEGUI/MultiColumnList' windows added. (00849D40)
20/05/2013 18:02:43 (Std) 	WindowFactory for 'CEGUI/MultiLineEditbox' windows added. (00849DE0)
20/05/2013 18:02:43 (Std) 	WindowFactory for 'CEGUI/ProgressBar' windows added. (00849F20)
20/05/2013 18:02:43 (Std) 	WindowFactory for 'CEGUI/ScrollablePane' windows added. (0084A100)
20/05/2013 18:02:43 (Std) 	WindowFactory for 'CEGUI/Scrollbar' windows added. (0084A1A0)
20/05/2013 18:02:43 (Std) 	WindowFactory for 'CEGUI/Slider' windows added. (0084A240)
20/05/2013 18:02:43 (Std) 	WindowFactory for 'CEGUI/Spinner' windows added. (0084A2E0)
20/05/2013 18:02:43 (Std) 	WindowFactory for 'CEGUI/TabButton' windows added. (0084A380)
20/05/2013 18:02:43 (Std) 	WindowFactory for 'CEGUI/TabControl' windows added. (0084A420)
20/05/2013 18:02:43 (Std) 	WindowFactory for 'CEGUI/Thumb' windows added. (0084A4C0)
20/05/2013 18:02:43 (Std) 	WindowFactory for 'CEGUI/Titlebar' windows added. (0084A560)
20/05/2013 18:02:43 (Std) 	WindowFactory for 'CEGUI/Tooltip' windows added. (0084A600)
20/05/2013 18:02:43 (Std) 	WindowFactory for 'CEGUI/ItemListbox' windows added. (0084A6A0)
20/05/2013 18:02:43 (Std) 	WindowFactory for 'CEGUI/GroupBox' windows added. (0084A740)
20/05/2013 18:02:43 (Std) 	WindowFactory for 'CEGUI/Tree' windows added. (0084A7E0)
20/05/2013 18:02:43 (Std) 	Window type alias named 'DefaultGUISheet' added for window type 'DefaultWindow'.
20/05/2013 18:02:43 (Std) 	CEGUI::System singleton created. (02620DD8)
20/05/2013 18:02:43 (Std) 	---- CEGUI System initialisation completed ----
20/05/2013 18:02:43 (Std) 	---- Version 0.6.2 ----
20/05/2013 18:02:43 (Std) 	---- Renderer module is: Unknown renderer (vendor did not set the ID string!) ----
20/05/2013 18:02:43 (Std) 	---- XML Parser module is: CEGUI::ExpatParser - Official expat based parser module for CEGUI ----
20/05/2013 18:02:43 (Std) 	---- Scripting module is: None ----
20/05/2013 18:02:43 (Std) 	Attempting to load Scheme from file 'TaharezLook.scheme'.
20/05/2013 18:02:43 (Std) 	Attempting to create an Imageset from the information specified in file 'TaharezLook.imageset'.
20/05/2013 18:02:43 (Std) 	Started creation of Imageset from XML specification:
20/05/2013 18:02:43 (Std) 	---- CEGUI Imageset name: TaharezLook
20/05/2013 18:02:43 (Std) 	---- Source texture file: TaharezLook.tga in resource group: (Default)
20/05/2013 18:02:43 (Std) 	Attempting to create Font from the information specified in file 'Commonwealth-10.font'.
20/05/2013 18:02:43 (Std) 	Started creation of FreeType Font:
20/05/2013 18:02:43 (Std) 	---- CEGUI font name: Commonwealth-10
20/05/2013 18:02:43 (Std) 	----     Source file: Commonv2c.ttf in resource group: (Default)
20/05/2013 18:02:43 (Std) 	---- Real point size: 10
20/05/2013 18:02:43 (Std) 	Succsessfully loaded 219 glyphs
20/05/2013 18:02:43 (Std) 	===== Falagard 'root' element: look and feel parsing begins =====
20/05/2013 18:02:43 (Std) 	===== Look and feel parsing completed =====
20/05/2013 18:02:43 (Std) 	No window renderer factories specified for module 'CEGUIFalagardWRBase' - adding all available factories...
20/05/2013 18:02:43 (Std) 	WindowRendererFactory 'Falagard/Button' added. (00859C48)
20/05/2013 18:02:43 (Std) 	WindowRendererFactory 'Falagard/Default' added. (00859E28)
20/05/2013 18:02:43 (Std) 	WindowRendererFactory 'Falagard/Editbox' added. (00858E88)
20/05/2013 18:02:43 (Std) 	WindowRendererFactory 'Falagard/FrameWindow' added. (00859D88)
20/05/2013 18:02:43 (Std) 	WindowRendererFactory 'Falagard/ItemEntry' added. (00859388)
20/05/2013 18:02:43 (Std) 	WindowRendererFactory 'Falagard/ListHeader' added. (00858D48)
20/05/2013 18:02:43 (Std) 	WindowRendererFactory 'Falagard/ListHeaderSegment' added. (00859108)
20/05/2013 18:02:43 (Std) 	WindowRendererFactory 'Falagard/Listbox' added. (00859A68)
20/05/2013 18:02:43 (Std) 	WindowRendererFactory 'Falagard/Menubar' added. (008591A8)
20/05/2013 18:02:43 (Std) 	WindowRendererFactory 'Falagard/MenuItem' added. (008596A8)
20/05/2013 18:02:43 (Std) 	WindowRendererFactory 'Falagard/MultiColumnList' added. (00859568)
20/05/2013 18:02:43 (Std) 	WindowRendererFactory 'Falagard/MultiLineEditbox' added. (00858DE8)
20/05/2013 18:02:43 (Std) 	WindowRendererFactory 'Falagard/PopupMenu' added. (008599C8)
20/05/2013 18:02:43 (Std) 	WindowRendererFactory 'Falagard/ProgressBar' added. (00859248)
20/05/2013 18:02:43 (Std) 	WindowRendererFactory 'Falagard/ScrollablePane' added. (00859B08)
20/05/2013 18:02:43 (Std) 	WindowRendererFactory 'Falagard/Scrollbar' added. (00859928)
20/05/2013 18:02:43 (Std) 	WindowRendererFactory 'Falagard/Slider' added. (00859BA8)
20/05/2013 18:02:43 (Std) 	WindowRendererFactory 'Falagard/Static' added. (00859888)
20/05/2013 18:02:43 (Std) 	WindowRendererFactory 'Falagard/StaticImage' added. (00859CE8)
20/05/2013 18:02:43 (Std) 	WindowRendererFactory 'Falagard/StaticText' added. (00859608)
20/05/2013 18:02:43 (Std) 	WindowRendererFactory 'Falagard/SystemButton' added. (008592E8)
20/05/2013 18:02:43 (Std) 	WindowRendererFactory 'Falagard/TabButton' added. (00859428)
20/05/2013 18:02:43 (Std) 	WindowRendererFactory 'Falagard/TabControl' added. (00858FC8)
20/05/2013 18:02:43 (Std) 	WindowRendererFactory 'Falagard/Titlebar' added. (008597E8)
20/05/2013 18:02:43 (Std) 	WindowRendererFactory 'Falagard/ToggleButton' added. (00859068)
20/05/2013 18:02:43 (Std) 	WindowRendererFactory 'Falagard/Tooltip' added. (00858F28)
20/05/2013 18:02:43 (Std) 	WindowRendererFactory 'Falagard/ItemListbox' added. (00859748)
20/05/2013 18:02:43 (Std) 	WindowRendererFactory 'Falagard/Tree' added. (008594C8)
20/05/2013 18:02:43 (Std) 	Creating falagard mapping for type 'TaharezLook/Button' using base type 'CEGUI/PushButton', window renderer 'Falagard/Button' and Look'N'Feel 'TaharezLook/Button'. (0018E124)
20/05/2013 18:02:43 (Std) 	Creating falagard mapping for type 'TaharezLook/Checkbox' using base type 'CEGUI/Checkbox', window renderer 'Falagard/ToggleButton' and Look'N'Feel 'TaharezLook/Checkbox'. (0018E124)
20/05/2013 18:02:43 (Std) 	Creating falagard mapping for type 'TaharezLook/ImageButton' using base type 'CEGUI/PushButton', window renderer 'Falagard/Button' and Look'N'Feel 'TaharezLook/ImageButton'. (0018E124)
20/05/2013 18:02:43 (Std) 	Creating falagard mapping for type 'TaharezLook/RadioButton' using base type 'CEGUI/RadioButton', window renderer 'Falagard/ToggleButton' and Look'N'Feel 'TaharezLook/RadioButton'. (0018E124)
20/05/2013 18:02:43 (Std) 	Creating falagard mapping for type 'TaharezLook/FrameWindow' using base type 'CEGUI/FrameWindow', window renderer 'Falagard/FrameWindow' and Look'N'Feel 'TaharezLook/FrameWindow'. (0018E124)
20/05/2013 18:02:43 (Std) 	Creating falagard mapping for type 'TaharezLook/Titlebar' using base type 'CEGUI/Titlebar', window renderer 'Falagard/Titlebar' and Look'N'Feel 'TaharezLook/Titlebar'. (0018E124)
20/05/2013 18:02:43 (Std) 	Creating falagard mapping for type 'TaharezLook/SystemButton' using base type 'CEGUI/PushButton', window renderer 'Falagard/SystemButton' and Look'N'Feel 'TaharezLook/Button'. (0018E124)
20/05/2013 18:02:43 (Std) 	Creating falagard mapping for type 'TaharezLook/Editbox' using base type 'CEGUI/Editbox', window renderer 'Falagard/Editbox' and Look'N'Feel 'TaharezLook/Editbox'. (0018E124)
20/05/2013 18:02:43 (Std) 	Creating falagard mapping for type 'TaharezLook/MultiLineEditbox' using base type 'CEGUI/MultiLineEditbox', window renderer 'Falagard/MultiLineEditbox' and Look'N'Feel 'TaharezLook/MultiLineEditbox'. (0018E124)
20/05/2013 18:02:43 (Std) 	Creating falagard mapping for type 'TaharezLook/Menubar' using base type 'CEGUI/Menubar', window renderer 'Falagard/Menubar' and Look'N'Feel 'TaharezLook/Menubar'. (0018E124)
20/05/2013 18:02:43 (Std) 	Creating falagard mapping for type 'TaharezLook/PopupMenu' using base type 'CEGUI/PopupMenu', window renderer 'Falagard/PopupMenu' and Look'N'Feel 'TaharezLook/PopupMenu'. (0018E124)
20/05/2013 18:02:43 (Std) 	Creating falagard mapping for type 'TaharezLook/MenuItem' using base type 'CEGUI/MenuItem', window renderer 'Falagard/MenuItem' and Look'N'Feel 'TaharezLook/MenuItem'. (0018E124)
20/05/2013 18:02:43 (Std) 	Creating falagard mapping for type 'TaharezLook/AlternateProgressBar' using base type 'CEGUI/ProgressBar', window renderer 'Falagard/ProgressBar' and Look'N'Feel 'TaharezLook/AltProgressBar'. (0018E124)
20/05/2013 18:02:43 (Std) 	Creating falagard mapping for type 'TaharezLook/ProgressBar' using base type 'CEGUI/ProgressBar', window renderer 'Falagard/ProgressBar' and Look'N'Feel 'TaharezLook/ProgressBar'. (0018E124)
20/05/2013 18:02:43 (Std) 	Creating falagard mapping for type 'TaharezLook/VUMeter' using base type 'CEGUI/ProgressBar', window renderer 'Falagard/ProgressBar' and Look'N'Feel 'TaharezLook/VUMeter'. (0018E124)
20/05/2013 18:02:43 (Std) 	Creating falagard mapping for type 'TaharezLook/VerticalScrollbar' using base type 'CEGUI/Scrollbar', window renderer 'Falagard/Scrollbar' and Look'N'Feel 'TaharezLook/VerticalScrollbar'. (0018E124)
20/05/2013 18:02:43 (Std) 	Creating falagard mapping for type 'TaharezLook/HorizontalScrollbar' using base type 'CEGUI/Scrollbar', window renderer 'Falagard/Scrollbar' and Look'N'Feel 'TaharezLook/HorizontalScrollbar'. (0018E124)
20/05/2013 18:02:43 (Std) 	Creating falagard mapping for type 'TaharezLook/VerticalScrollbarThumb' using base type 'CEGUI/Thumb', window renderer 'Falagard/Button' and Look'N'Feel 'TaharezLook/VerticalScrollbarThumb'. (0018E124)
20/05/2013 18:02:43 (Std) 	Creating falagard mapping for type 'TaharezLook/HorizontalScrollbarThumb' using base type 'CEGUI/Thumb', window renderer 'Falagard/Button' and Look'N'Feel 'TaharezLook/HorizontalScrollbarThumb'. (0018E124)
20/05/2013 18:02:43 (Std) 	Creating falagard mapping for type 'TaharezLook/LargeVerticalScrollbar' using base type 'CEGUI/Scrollbar', window renderer 'Falagard/Scrollbar' and Look'N'Feel 'TaharezLook/LargeVerticalScrollbar'. (0018E124)
20/05/2013 18:02:43 (Std) 	Creating falagard mapping for type 'TaharezLook/LargeVerticalScrollbarThumb' using base type 'CEGUI/Thumb', window renderer 'Falagard/Button' and Look'N'Feel 'TaharezLook/LargeVerticalScrollbarThumb'. (0018E124)
20/05/2013 18:02:43 (Std) 	Creating falagard mapping for type 'TaharezLook/TabButton' using base type 'CEGUI/TabButton', window renderer 'Falagard/TabButton' and Look'N'Feel 'TaharezLook/TabButton'. (0018E124)
20/05/2013 18:02:43 (Std) 	Creating falagard mapping for type 'TaharezLook/TabControl' using base type 'CEGUI/TabControl', window renderer 'Falagard/TabControl' and Look'N'Feel 'TaharezLook/TabControl'. (0018E124)
20/05/2013 18:02:43 (Std) 	Creating falagard mapping for type 'TaharezLook/TabContentPane' using base type 'DefaultWindow', window renderer 'Falagard/Default' and Look'N'Feel 'TaharezLook/TabContentPane'. (0018E124)
20/05/2013 18:02:43 (Std) 	Creating falagard mapping for type 'TaharezLook/TabButtonPane' using base type 'DefaultWindow', window renderer 'Falagard/Default' and Look'N'Feel 'TaharezLook/TabButtonPane'. (0018E124)
20/05/2013 18:02:43 (Std) 	Creating falagard mapping for type 'TaharezLook/ComboDropList' using base type 'CEGUI/ComboDropList', window renderer 'Falagard/Listbox' and Look'N'Feel 'TaharezLook/ComboDropList'. (0018E124)
20/05/2013 18:02:43 (Std) 	Creating falagard mapping for type 'TaharezLook/ComboEditbox' using base type 'CEGUI/Editbox', window renderer 'Falagard/Editbox' and Look'N'Feel 'TaharezLook/ComboEditbox'. (0018E124)
20/05/2013 18:02:43 (Std) 	Creating falagard mapping for type 'TaharezLook/Combobox' using base type 'CEGUI/Combobox', window renderer 'Falagard/Default' and Look'N'Feel 'TaharezLook/Combobox'. (0018E124)
20/05/2013 18:02:43 (Std) 	Creating falagard mapping for type 'TaharezLook/Listbox' using base type 'CEGUI/Listbox', window renderer 'Falagard/Listbox' and Look'N'Feel 'TaharezLook/Listbox'. (0018E124)
20/05/2013 18:02:43 (Std) 	Creating falagard mapping for type 'TaharezLook/ListHeader' using base type 'CEGUI/ListHeader', window renderer 'Falagard/ListHeader' and Look'N'Feel 'TaharezLook/ListHeader'. (0018E124)
20/05/2013 18:02:43 (Std) 	Creating falagard mapping for type 'TaharezLook/ListHeaderSegment' using base type 'CEGUI/ListHeaderSegment', window renderer 'Falagard/ListHeaderSegment' and Look'N'Feel 'TaharezLook/ListHeaderSegment'. (0018E124)
20/05/2013 18:02:43 (Std) 	Creating falagard mapping for type 'TaharezLook/MultiColumnList' using base type 'CEGUI/MultiColumnList', window renderer 'Falagard/MultiColumnList' and Look'N'Feel 'TaharezLook/MultiColumnList'. (0018E124)
20/05/2013 18:02:43 (Std) 	Creating falagard mapping for type 'TaharezLook/Slider' using base type 'CEGUI/Slider', window renderer 'Falagard/Slider' and Look'N'Feel 'TaharezLook/Slider'. (0018E124)
20/05/2013 18:02:43 (Std) 	Creating falagard mapping for type 'TaharezLook/SliderThumb' using base type 'CEGUI/Thumb', window renderer 'Falagard/Button' and Look'N'Feel 'TaharezLook/SliderThumb'. (0018E124)
20/05/2013 18:02:43 (Std) 	Creating falagard mapping for type 'TaharezLook/ScrollablePane' using base type 'CEGUI/ScrollablePane', window renderer 'Falagard/ScrollablePane' and Look'N'Feel 'TaharezLook/ScrollablePane'. (0018E124)
20/05/2013 18:02:43 (Std) 	Creating falagard mapping for type 'TaharezLook/Spinner' using base type 'CEGUI/Spinner', window renderer 'Falagard/Default' and Look'N'Feel 'TaharezLook/Spinner'. (0018E124)
20/05/2013 18:02:43 (Std) 	Creating falagard mapping for type 'TaharezLook/Tooltip' using base type 'CEGUI/Tooltip', window renderer 'Falagard/Tooltip' and Look'N'Feel 'TaharezLook/Tooltip'. (0018E124)
20/05/2013 18:02:43 (Std) 	Creating falagard mapping for type 'TaharezLook/StaticImage' using base type 'DefaultWindow', window renderer 'Falagard/StaticImage' and Look'N'Feel 'TaharezLook/StaticImage'. (0018E124)
20/05/2013 18:02:43 (Std) 	Creating falagard mapping for type 'TaharezLook/StaticText' using base type 'DefaultWindow', window renderer 'Falagard/StaticText' and Look'N'Feel 'TaharezLook/StaticText'. (0018E124)
20/05/2013 18:02:43 (Std) 	Creating falagard mapping for type 'TaharezLook/ItemListbox' using base type 'CEGUI/ItemListbox', window renderer 'Falagard/ItemListbox' and Look'N'Feel 'TaharezLook/ItemListbox'. (0018E124)
20/05/2013 18:02:43 (Std) 	Creating falagard mapping for type 'TaharezLook/ListboxItem' using base type 'CEGUI/ItemEntry', window renderer 'Falagard/ItemEntry' and Look'N'Feel 'TaharezLook/ListboxItem'. (0018E124)
20/05/2013 18:02:43 (Std) 	Creating falagard mapping for type 'TaharezLook/GroupBox' using base type 'CEGUI/GroupBox', window renderer 'Falagard/Default' and Look'N'Feel 'TaharezLook/GroupBox'. (0018E124)
20/05/2013 18:02:43 (Std) 	Creating falagard mapping for type 'TaharezLook/Tree' using base type 'CEGUI/Tree', window renderer 'Falagard/Tree' and Look'N'Feel 'TaharezLook/Tree'. (0018E124)
20/05/2013 18:02:43 (Std) 	Attempting to create Font from the information specified in file 'DejaVuSans-10.font'.
20/05/2013 18:02:43 (Std) 	Started creation of FreeType Font:
20/05/2013 18:02:43 (Std) 	---- CEGUI font name: DejaVuSans-10
20/05/2013 18:02:43 (Std) 	----     Source file: DejaVuSans.ttf in resource group: (Default)
20/05/2013 18:02:43 (Std) 	---- Real point size: 10
20/05/2013 18:02:43 (Std) 	Succsessfully loaded 3045 glyphs
20/05/2013 18:02:43 (Std) 	Attempting to create Imageset 'DejaVuSans-10_auto_glyph_images_ ' with texture only.
20/05/2013 18:02:48 (Std) 	---- Begining CEGUI System destruction ----
20/05/2013 18:02:48 (Std) 	WindowFactory for 'CEGUI/Tree' windows removed. (0084A7E0)
20/05/2013 18:02:48 (Std) 	WindowFactory for 'CEGUI/Thumb' windows removed. (0084A4C0)
20/05/2013 18:02:48 (Std) 	WindowFactory for 'CEGUI/Slider' windows removed. (0084A240)
20/05/2013 18:02:48 (Std) 	WindowFactory for 'CEGUI/Editbox' windows removed. (00849840)
20/05/2013 18:02:48 (Std) 	WindowFactory for 'CEGUI/Listbox' windows removed. (00849B60)
20/05/2013 18:02:48 (Std) 	WindowFactory for 'CEGUI/Menubar' windows removed. (00849CA0)
20/05/2013 18:02:48 (Std) 	WindowFactory for 'CEGUI/Spinner' windows removed. (0084A2E0)
20/05/2013 18:02:48 (Std) 	WindowFactory for 'CEGUI/Tooltip' windows removed. (0084A600)
20/05/2013 18:02:48 (Std) 	WindowFactory for 'DefaultWindow' windows removed. (008493E0)
20/05/2013 18:02:48 (Std) 	WindowFactory for 'DragContainer' windows removed. (00849480)
20/05/2013 18:02:48 (Std) 	WindowFactory for 'CEGUI/Checkbox' windows removed. (00849660)
20/05/2013 18:02:48 (Std) 	WindowFactory for 'CEGUI/Combobox' windows removed. (008497A0)
20/05/2013 18:02:48 (Std) 	WindowFactory for 'CEGUI/GroupBox' windows removed. (0084A740)
20/05/2013 18:02:48 (Std) 	WindowFactory for 'CEGUI/MenuItem' windows removed. (00849C00)
20/05/2013 18:02:48 (Std) 	WindowFactory for 'CEGUI/Titlebar' windows removed. (0084A560)
20/05/2013 18:02:48 (Std) 	WindowFactory for 'CEGUI/ItemEntry' windows removed. (00849980)
20/05/2013 18:02:48 (Std) 	WindowFactory for 'CEGUI/PopupMenu' windows removed. (00849E80)
20/05/2013 18:02:48 (Std) 	WindowFactory for 'CEGUI/Scrollbar' windows removed. (0084A1A0)
20/05/2013 18:02:48 (Std) 	WindowFactory for 'CEGUI/TabButton' windows removed. (0084A380)
20/05/2013 18:02:48 (Std) 	WindowFactory for 'CEGUI/ListHeader' windows removed. (00849A20)
20/05/2013 18:02:48 (Std) 	WindowFactory for 'CEGUI/PushButton' windows removed. (00849FC0)
20/05/2013 18:02:48 (Std) 	WindowFactory for 'CEGUI/TabControl' windows removed. (0084A420)
20/05/2013 18:02:48 (Std) 	WindowFactory for 'ClippedContainer' windows removed. (008495C0)
20/05/2013 18:02:48 (Std) 	WindowFactory for 'CEGUI/FrameWindow' windows removed. (008498E0)
20/05/2013 18:02:48 (Std) 	WindowFactory for 'CEGUI/ItemListbox' windows removed. (0084A6A0)
20/05/2013 18:02:48 (Std) 	WindowFactory for 'CEGUI/ProgressBar' windows removed. (00849F20)
20/05/2013 18:02:48 (Std) 	WindowFactory for 'CEGUI/RadioButton' windows removed. (0084A060)
20/05/2013 18:02:48 (Std) 	WindowFactory for 'ScrolledContainer' windows removed. (00849520)
20/05/2013 18:02:48 (Std) 	WindowFactory for 'CEGUI/ComboDropList' windows removed. (00849700)
20/05/2013 18:02:48 (Std) 	WindowFactory for 'CEGUI/ScrollablePane' windows removed. (0084A100)
20/05/2013 18:02:48 (Std) 	WindowFactory for 'CEGUI/MultiColumnList' windows removed. (00849D40)
20/05/2013 18:02:48 (Std) 	WindowFactory for 'CEGUI/MultiLineEditbox' windows removed. (00849DE0)
20/05/2013 18:02:48 (Std) 	WindowFactory for 'CEGUI/ListHeaderSegment' windows removed. (00849AC0)
20/05/2013 18:02:48 (Std) 	---- Begining cleanup of GUI Scheme system ----
20/05/2013 18:02:48 (Std) 	Font 'Commonwealth-10' has been destroyed. (0262C710)
20/05/2013 18:02:48 (Std) 	Scheme 'TaharezLook' has been unloaded via the SchemeManager. (02627670)
20/05/2013 18:02:48 (Std) 	CEGUI::SchemeManager singleton destroyed. (0261DB48)
20/05/2013 18:02:48 (Std) 	CEGUI::WindowManager singleton destroyed (02620328)
20/05/2013 18:02:48 (Std) 	CEGUI::WindowFactoryManager singleton destroyed
20/05/2013 18:02:48 (Std) 	CEGUI::WidgetLookManager singleton destroyed. (0261DB60)
20/05/2013 18:02:48 (Std) 	CEGUI::WindowRendererManager singleton destroyed (0261DB78)
20/05/2013 18:02:48 (Std) 	---- Begining cleanup of Font system ----
20/05/2013 18:02:48 (Std) 	Font 'DejaVuSans-10' has been destroyed. (040F9508)
20/05/2013 18:02:48 (Std) 	CEGUI::FontManager singleton destroyed. (0261DB30)
20/05/2013 18:02:48 (Std) 	CEGUI::MouseCursor singleton destroyed. (026221B0)
20/05/2013 18:02:48 (Std) 	---- Begining cleanup of Imageset system ----
20/05/2013 18:02:48 (Std) 	CEGUI::ImagesetManager singleton destroyed (0261DB18)
20/05/2013 18:02:48 (Std) 	CEGUI::GlobalEventSet singleton destroyed. (0261EAF8)
20/05/2013 18:02:48 (Std) 	CEGUI::System singleton destroyed. (02620DD8)
20/05/2013 18:02:48 (Std) 	---- CEGUI System destruction completed ----
20/05/2013 18:02:48 (Std) 	CEGUI::Logger singleton destroyed. (026211E0)
